ddG: description total fa_atr fa_rep fa_sol fa_intra_rep pro_close fa_pair hbond_sr_bb hbond_lr_bb hbond_bb_sc hbond_sc dslf_ss_dst dslf_cs_ang dslf_ss_dih dslf_ca_dih rama omega fa_dun p_aa_pp ref 
ddG: Q9A    -0.239     2.164     0.133    -4.154    -0.001     0.013     0.406    -0.411     0.000     0.137     1.072     0.000     0.000     0.000     0.000     0.205    -0.099    -0.855     0.022     1.130 

ddG: Q9C     3.594     0.425     0.668    -2.480     0.002     0.013     0.468    -0.249     0.000     0.139     1.070     0.000     0.000     0.000     0.000     0.255     0.048     0.264     0.299     2.670 

ddG: Q9D     3.641    -2.865     1.269     2.684     0.007     0.010     0.065    -0.310     0.000    -0.179     1.073     0.000     0.000     0.000     0.000     0.197     0.132     1.149     0.107     0.300 

ddG: Q9E     1.461    -0.170     0.145     1.124     0.001     0.000     0.109    -0.044     0.000    -0.036     0.038     0.000     0.000     0.000     0.000    -0.012    -0.071     0.206     0.009     0.160 

ddG: Q9F    -2.451    -3.632     1.349    -3.400     0.025    -0.003     0.533    -0.193     0.000    -0.862     1.024     0.000     0.000     0.000     0.000     0.513     0.188     0.084     0.323     1.600 

ddG: Q9G     2.001     4.013    -0.110    -4.008    -0.002     0.014     0.467    -0.417     0.000     0.142     1.061     0.000     0.000     0.000     0.000     0.511    -0.136    -0.808     0.472     0.800 

ddG: Q9H    -0.277    -1.071     0.163    -1.455    -0.002    -0.018     0.260    -0.353     0.000    -0.883     1.072     0.000     0.000     0.000     0.000     0.388    -0.041    -0.108     0.242     1.530 

ddG: Q9H    -0.277    -1.071     0.163    -1.455    -0.002    -0.018     0.260    -0.353     0.000    -0.883     1.072     0.000     0.000     0.000     0.000     0.388    -0.041    -0.108     0.242     1.530 

ddG: Q9I     1.806     4.131    -0.365    -2.310     0.007    -0.042    -0.044    -0.574     0.000     0.127     0.441     0.000     0.000     0.000     0.000     0.368    -0.225    -1.017     0.098     1.210 

ddG: Q9K    -1.289    -2.950     0.549    -0.291     0.006     0.012    -0.918    -0.385     0.000     0.131     1.067     0.000     0.000     0.000     0.000     0.095    -0.108     1.049     0.135     0.320 

ddG: Q9L     0.023    -0.262     0.364    -1.983     0.003    -0.015     0.052    -0.286     0.000     0.079     0.368     0.000     0.000     0.000     0.000     0.323    -0.171     0.705    -0.023     0.870 

ddG: Q9M    -0.034     1.123    -0.205    -3.037    -0.003    -0.016     0.268    -0.350     0.000     0.131     1.075     0.000     0.000     0.000     0.000     0.226    -0.042     0.099     0.066     0.630 

ddG: Q9N     2.403     2.383    -0.674    -0.471     0.001    -0.007     0.310    -0.122     0.000     0.022     1.070     0.000     0.000     0.000     0.000     0.101     0.118    -0.652     0.244     0.080 

ddG: Q9P     7.516     0.317     4.600    -4.657     0.024     0.132     0.409     0.921     0.000     0.090     1.053     0.000     0.000     0.000     0.000     0.705     1.043     1.855     0.035     0.990 

ddG: Q9Q     0.000     0.000     0.000     0.000     0.000     0.000     0.000     0.000     0.000     0.000     0.000     0.000     0.000     0.000     0.000     0.000     0.000     0.000     0.000     0.000 

ddG: Q9R     0.493    -3.859     0.455     1.408     0.009    -0.002    -0.328    -0.345     0.000     0.132     1.065     0.000     0.000     0.000     0.000     0.160    -0.134     1.831     0.112    -0.010 

ddG: Q9S     0.945     0.818     0.446    -1.442    -0.002    -0.047     0.232    -0.618     0.000     0.089     1.071     0.000     0.000     0.000     0.000     0.387    -0.093    -0.696     0.200     0.600 

ddG: Q9T     2.950     3.909    -0.497    -2.529     0.000     0.009     0.371     0.146     0.000     0.030     1.067     0.000     0.000     0.000     0.000     0.044     0.053    -0.537     0.183     0.700 

ddG: Q9V     0.805     2.506     0.364    -4.103     0.006    -0.019     0.273    -0.139     0.000     0.163     1.080     0.000     0.000     0.000     0.000     0.165    -0.017    -0.933     0.199     1.260 

ddG: Q9W    -4.306    -7.672     1.193    -0.509     0.024    -0.002     0.030    -0.621     0.000    -0.845     0.477     0.000     0.000     0.000     0.000     0.320    -0.007     1.350     0.075     1.880 

ddG: Q9Y    -1.619    -3.911    -0.206    -1.933     0.048     0.004     0.450    -0.123     0.000     0.052     1.074     0.000     0.000     0.000     0.000     0.032    -0.004     1.173     0.246     1.480 

ddG: Q10A    -0.173     2.752    -0.422    -2.194    -0.005     0.013     0.054     0.064     0.000     0.008    -0.037     0.000     0.000     0.000     0.000     0.064    -0.069    -1.516    -0.016     1.130 

ddG: Q10C     2.878     2.139     0.161    -1.426    -0.004     0.013     0.025    -0.017     0.000     0.001     0.026     0.000     0.000     0.000     0.000     0.079    -0.023    -1.006     0.240     2.670 

ddG: Q10D     1.248     0.438    -0.132     1.481    -0.002     0.009    -0.072     0.048     0.000    -0.001     0.009     0.000     0.000     0.000     0.000     0.051    -0.075    -1.030     0.224     0.300 

ddG: Q10E     0.020    -0.506    -0.168     1.547     0.004    -0.006    -0.613     0.029     0.000     0.014    -0.591     0.000     0.000     0.000     0.000    -0.001    -0.071     0.236    -0.012     0.160 

ddG: Q10F    -1.018    -2.366     0.101    -0.911     0.031     0.011     0.079     0.079     0.000    -0.001    -0.015     0.000     0.000     0.000     0.000     0.083    -0.014     0.160     0.146     1.600 

ddG: Q10G     1.829     4.805    -0.438    -2.546    -0.004    -0.001     0.060    -0.045     0.000    -0.006     0.003     0.000     0.000     0.000     0.000     0.361    -0.096    -1.487     0.424     0.800 

ddG: Q10H     0.041    -1.449     0.014    -0.293    -0.002     0.008     0.082     0.083     0.000     0.000    -0.002     0.000     0.000     0.000     0.000     0.061    -0.063    -0.172     0.243     1.530 

ddG: Q10H     0.041    -1.449     0.014    -0.293    -0.002     0.008     0.082     0.083     0.000     0.000    -0.002     0.000     0.000     0.000     0.000     0.061    -0.063    -0.172     0.243     1.530 

ddG: Q10I    -0.176     0.670     0.052    -1.856     0.024     0.009     0.049    -0.053     0.000    -0.001    -0.009     0.000     0.000     0.000     0.000     0.006     0.159    -0.309    -0.127     1.210 

ddG: Q10K    -0.203     0.285     0.000    -0.273    -0.003     0.013    -0.126    -0.018     0.000    -0.003     0.008     0.000     0.000     0.000     0.000    -0.069    -0.017    -0.394     0.074     0.320 

ddG: Q10L    -1.224     0.001     0.075    -1.416     0.004    -0.001     0.057     0.017     0.000    -0.001    -0.001     0.000     0.000     0.000     0.000     0.043    -0.029    -0.916     0.073     0.870 

ddG: Q10M    -0.881     0.152    -0.139    -1.141     0.004    -0.001    -0.169     0.052     0.000     0.021     0.036     0.000     0.000     0.000     0.000     0.203    -0.013    -0.585     0.070     0.630 

ddG: Q10N     0.115     0.284    -0.220     0.686    -0.001     0.012    -0.192    -0.071     0.000    -0.032     0.024     0.000     0.000     0.000     0.000     0.229    -0.118    -0.891     0.325     0.080 

ddG: Q10P     4.278    -1.568     3.566    -0.706    -0.004     1.159    -0.373     0.194     0.000     0.023    -0.253     0.000     0.000     0.000     0.000     0.686     0.786    -0.203    -0.021     0.990 

ddG: Q10Q     0.000     0.000     0.000     0.000     0.000     0.000     0.000     0.000     0.000     0.000     0.000     0.000     0.000     0.000     0.000     0.000     0.000     0.000     0.000     0.000 

ddG: Q10R     0.161    -0.114    -0.127     0.555     0.001     0.011     0.063     0.018     0.000     0.001    -0.007     0.000     0.000     0.000     0.000    -0.071    -0.005    -0.176     0.022    -0.010 

ddG: Q10S     0.332     2.451    -0.309    -1.073    -0.004    -0.003    -0.061    -0.053     0.000    -0.556     0.026     0.000     0.000     0.000     0.000     0.122    -0.088    -1.002     0.284     0.600 

ddG: Q10T    -0.114     1.932    -0.187    -0.835     0.008    -0.004    -0.031    -0.049     0.000    -0.546     0.006     0.000     0.000     0.000     0.000     0.177    -0.112    -1.421     0.248     0.700 

ddG: Q10V    -0.447     1.505     0.052    -1.977     0.014     0.010     0.044    -0.088     0.000    -0.002     0.008     0.000     0.000     0.000     0.000     0.049     0.131    -1.401    -0.052     1.260 

ddG: Q10W    -1.355    -3.735     0.195     0.009     0.022     0.012     0.074     0.096     0.000    -0.003    -0.005     0.000     0.000     0.000     0.000     0.007    -0.131     0.037     0.186     1.880 

ddG: Q10Y    -0.987    -2.390     0.085    -0.752     0.030     0.012     0.079     0.114     0.000    -0.001    -0.020     0.000     0.000     0.000     0.000     0.025    -0.018     0.202     0.168     1.480 

ddG: N11A    -0.050     1.722     0.059    -2.064    -0.004    -0.009     0.007    -0.092     0.000    -0.003     0.018     0.000     0.000     0.000     0.000    -0.175    -0.009    -0.296    -0.255     1.050 

ddG: N11C     2.195     1.073     0.088    -1.399    -0.003     0.014     0.004    -0.025     0.000     0.000     0.007     0.000     0.000     0.000     0.000    -0.140     0.004    -0.055     0.038     2.590 

ddG: N11D     0.714     0.049    -0.057     0.715    -0.001     0.011     0.004     0.003     0.000     0.001     0.000     0.000     0.000     0.000     0.000    -0.183     0.032     0.048    -0.127     0.220 

ddG: N11E     0.047     0.180     0.014    -0.172     0.001     0.013    -0.155    -0.038     0.000     0.001    -0.004     0.000     0.000     0.000     0.000    -0.278     0.027     0.648    -0.269     0.080 

ddG: N11F    -1.555    -3.121     0.208    -1.100     0.031     0.001     0.009     0.049     0.000     0.000    -0.001     0.000     0.000     0.000     0.000    -0.088     0.030     0.915    -0.009     1.520 

ddG: N11G     1.470     3.279    -0.053    -2.421    -0.004     0.008     0.004    -0.018     0.000    -0.001     0.014     0.000     0.000     0.000     0.000     0.057     0.007    -0.297     0.175     0.720 

ddG: N11H    -0.193    -1.724    -0.025    -0.580    -0.001     0.015     0.006     0.070     0.000     0.001     0.001     0.000     0.000     0.000     0.000    -0.121     0.029     0.756    -0.071     1.450 

ddG: N11H    -0.193    -1.724    -0.025    -0.580    -0.001     0.015     0.006     0.070     0.000     0.001     0.001     0.000     0.000     0.000     0.000    -0.121     0.029     0.756    -0.071     1.450 

ddG: N11I    -0.740    -0.294     0.109    -1.305     0.017     0.014     0.006    -0.045     0.000    -0.001     0.005     0.000     0.000     0.000     0.000    -0.106     0.006    -0.091    -0.185     1.130 

ddG: N11K    -0.310     0.147     0.124    -0.870    -0.001     0.000    -0.045    -0.113     0.000    -0.037     0.017     0.000     0.000     0.000     0.000    -0.175    -0.043     0.587    -0.140     0.240 

ddG: N11L    -1.155    -0.031     0.044    -1.605     0.004     0.013     0.003     0.027     0.000     0.001    -0.001     0.000     0.000     0.000     0.000    -0.157     0.013    -0.019    -0.238     0.790 

ddG: N11M    -0.494    -0.023     0.132    -1.366     0.001     0.001     0.005    -0.005     0.000     0.001     0.000     0.000     0.000     0.000     0.000    -0.114     0.008     0.538    -0.222     0.550 

ddG: N11N     0.000     0.000     0.000     0.000     0.000     0.000     0.000     0.000     0.000     0.000     0.000     0.000     0.000     0.000     0.000     0.000     0.000     0.000     0.000     0.000 

ddG: N11P    10.227     1.923     3.362    -2.665     0.004     0.516    -0.373     1.976     0.000     0.067     0.175     0.000     0.000     0.000     0.000     0.789     2.407     1.186    -0.050     0.910 

ddG: N11Q    -0.623     0.181     0.058    -0.834     0.000     0.013    -0.109    -0.034     0.000     0.001    -0.001     0.000     0.000     0.000     0.000    -0.208     0.024     0.622    -0.256    -0.080 

ddG: N11R     0.064     0.350    -0.026    -0.631     0.003     0.004    -0.002     0.034     0.000     0.002     0.001     0.000     0.000     0.000     0.000    -0.234     0.048     0.833    -0.227    -0.090 

ddG: N11S     0.781     1.581    -0.057    -1.339    -0.003     0.008     0.035    -0.017     0.000     0.002     0.002     0.000     0.000     0.000     0.000    -0.169     0.018     0.234    -0.035     0.520 

ddG: N11T     0.374     1.022    -0.050    -0.912     0.006     0.012    -0.003     0.046     0.000     0.018     0.006     0.000     0.000     0.000     0.000    -0.087     0.022    -0.268    -0.058     0.620 

ddG: N11V    -0.227     0.177     0.333    -1.400     0.013    -0.005     0.002    -0.145     0.000    -0.004     0.013     0.000     0.000     0.000     0.000    -0.030    -0.032    -0.217    -0.113     1.180 

ddG: N11W    -1.048    -4.213     0.188     0.238     0.022    -0.023     0.025    -0.221     0.000    -0.005    -0.048     0.000     0.000     0.000     0.000    -0.058     0.137     1.215    -0.103     1.800 

ddG: N11Y    -1.445    -3.457     0.187    -0.574     0.030     0.000     0.009     0.058     0.000    -0.010    -0.002     0.000     0.000     0.000     0.000    -0.102     0.003     1.034    -0.021     1.400 

ddG: F13A     5.188     7.476    -0.567    -1.385    -0.024     0.003    -0.100    -0.349     0.000     0.127     1.084     0.000     0.000     0.000     0.000     0.058    -0.197    -0.216    -0.253    -0.470 

ddG: F13C     9.184    10.178    -1.091     0.660    -0.035    -0.002    -0.683    -0.647     0.000     0.276     0.494     0.000     0.000     0.000     0.000     0.233    -0.466    -0.949     0.147     1.070 

ddG: F13D     2.514    -1.946    -0.666     7.774    -0.028     0.014    -0.110     0.132     0.000    -0.581     0.495     0.000     0.000     0.000     0.000     0.473     0.134    -1.877     0.000    -1.300 

ddG: F13E     7.165     8.729    -1.238     2.643    -0.031    -0.006    -0.868    -0.695     0.000     0.278     0.490     0.000     0.000     0.000     0.000     0.077    -0.475    -0.177    -0.121    -1.440 

ddG: F13F     0.000     0.000     0.000     0.000     0.000     0.000     0.000     0.000     0.000     0.000     0.000     0.000     0.000     0.000     0.000     0.000     0.000     0.000     0.000     0.000 

ddG: F13G     8.638    12.186    -1.038    -0.023    -0.036    -0.070    -0.707    -0.880     0.000     0.187     0.499     0.000     0.000     0.000     0.000     0.632    -0.472    -0.961     0.120    -0.800 

ddG: F13H     2.972     1.416    -0.273     2.297    -0.030    -0.008    -0.253    -0.235     0.000     0.109    -0.028     0.000     0.000     0.000     0.000     0.165    -0.092    -0.039     0.012    -0.070 

ddG: F13H     2.972     1.416    -0.273     2.297    -0.030    -0.008    -0.253    -0.235     0.000     0.109    -0.028     0.000     0.000     0.000     0.000     0.165    -0.092    -0.039     0.012    -0.070 

ddG: F13I     5.325     7.386    -0.718     0.254    -0.013    -0.030    -0.657    -0.614     0.000     0.151     0.468     0.000     0.000     0.000     0.000     0.379    -0.378    -0.292    -0.221    -0.390 

ddG: F13K     6.624     9.673    -1.398     0.453    -0.029    -0.002    -0.708    -0.648     0.000     0.194     0.489     0.000     0.000     0.000     0.000     0.118    -0.441     0.305    -0.101    -1.280 

ddG: F13L     4.375     7.990    -1.284     0.106    -0.024    -0.007    -0.716    -0.379     0.000     0.129     0.485     0.000     0.000     0.000     0.000     0.180    -0.444    -0.674    -0.257    -0.730 

ddG: F13M     5.965     8.726    -1.369     0.380    -0.030     0.001    -0.697    -0.649     0.000     0.195     0.492     0.000     0.000     0.000     0.000     0.213    -0.448     0.235    -0.113    -0.970 

ddG: F13N     6.367     5.147    -0.556     1.755    -0.019     0.001    -0.419    -0.365     0.000     0.126     1.081     0.000     0.000     0.000     0.000     0.280    -0.222     1.044     0.033    -1.520 

ddG: F13P    11.968     4.162     2.976     0.984    -0.026     0.214     0.217     0.773     0.000     0.340     0.012     0.000     0.000     0.000     0.000     0.831     2.426    -0.545     0.213    -0.610 

ddG: F13Q     6.039     8.343    -1.115     1.882    -0.032    -0.002    -0.988    -0.632     0.000     0.271     0.491     0.000     0.000     0.000     0.000     0.166    -0.464    -0.166    -0.114    -1.600 

ddG: F13R     5.489     2.977    -0.520     3.085    -0.015    -0.002    -0.532    -0.408     0.000     0.129     1.071     0.000     0.000     0.000     0.000     0.194    -0.192     1.437    -0.126    -1.610 

ddG: F13S     7.401    10.521    -1.452     0.988    -0.035    -0.003    -0.805    -0.618     0.000     0.208     0.493     0.000     0.000     0.000     0.000     0.164    -0.448    -0.689     0.079    -1.000 

ddG: F13T     6.601     9.752    -1.399     1.121    -0.026    -0.003    -0.772    -0.676     0.000     0.203     0.492     0.000     0.000     0.000     0.000     0.269    -0.463    -1.060     0.063    -0.900 

ddG: F13V     6.050     8.686    -0.859     0.278    -0.019    -0.004    -0.709    -0.683     0.000     0.174     0.481     0.000     0.000     0.000     0.000     0.339    -0.426    -0.845    -0.023    -0.340 

ddG: F13W     3.741    -2.710     2.063     3.432    -0.010    -0.081    -0.033    -0.654     0.000     0.267     0.444     0.000     0.000     0.000     0.000     0.532    -0.039     0.303    -0.054     0.280 

ddG: F13Y     2.889     1.801    -0.534     1.420     0.002    -0.021    -0.483     0.042     0.000     0.048     0.513     0.000     0.000     0.000     0.000     0.093    -0.173     0.311    -0.011    -0.120 

ddG: Y14A     0.765     6.301    -0.630    -2.556    -0.024     0.002     0.032     0.101     0.000     0.015    -0.012     0.000     0.000     0.000     0.000     0.038    -0.085    -1.931    -0.136    -0.350 

ddG: Y14C     3.289     5.406    -0.307    -1.652    -0.023     0.002     0.035     0.108     0.000    -0.037     0.005     0.000     0.000     0.000     0.000     0.050    -0.045    -1.621     0.177     1.190 

ddG: Y14D     1.516     3.834    -0.525     1.145    -0.021     0.003    -0.181    -0.014     0.000    -0.003    -0.055     0.000     0.000     0.000     0.000     0.030    -0.087    -1.505     0.074    -1.180 

ddG: Y14E     1.021     3.467    -0.408     0.544    -0.019     0.000    -0.085     0.032     0.000     0.011     0.008     0.000     0.000     0.000     0.000    -0.046    -0.048    -1.025    -0.089    -1.320 

ddG: Y14F    -0.112     0.033     0.103    -0.349     0.001    -0.002     0.003    -0.119     0.000    -0.032     0.017     0.000     0.000     0.000     0.000     0.094    -0.060     0.094    -0.018     0.120 

ddG: Y14G     2.372     8.305    -0.652    -3.255    -0.025     0.011     0.046    -0.013     0.000    -0.004    -0.002     0.000     0.000     0.000     0.000     0.213    -0.066    -1.756     0.249    -0.680 

ddG: Y14H     0.483     1.708    -0.351     0.027    -0.031    -0.002    -0.319    -0.012     0.000    -0.003    -0.011     0.000     0.000     0.000     0.000     0.062    -0.051    -0.670     0.086     0.050 

ddG: Y14H     0.483     1.708    -0.351     0.027    -0.031    -0.002    -0.319    -0.012     0.000    -0.003    -0.011     0.000     0.000     0.000     0.000     0.062    -0.051    -0.670     0.086     0.050 

ddG: Y14I     0.172     3.917    -0.340    -1.519    -0.002     0.008     0.025     0.025     0.000     0.017     0.001     0.000     0.000     0.000     0.000     0.092    -0.039    -1.647    -0.094    -0.270 

ddG: Y14K     0.463     3.726    -0.487    -0.390    -0.022     0.009    -0.187     0.004     0.000    -0.005     0.000     0.000     0.000     0.000     0.000    -0.106    -0.050    -0.827    -0.044    -1.160 

ddG: Y14L    -0.200     3.873    -0.490    -1.466    -0.016     0.009     0.043     0.019     0.000    -0.005     0.005     0.000     0.000     0.000     0.000    -0.030    -0.056    -1.374    -0.101    -0.610 

ddG: Y14M     0.543     4.039    -0.415    -1.309    -0.021    -0.002     0.041     0.005     0.000    -0.003    -0.003     0.000     0.000     0.000     0.000     0.025    -0.066    -0.862    -0.036    -0.850 

ddG: Y14N     0.871     3.883    -0.558     0.355    -0.020     0.002    -0.193     0.010     0.000    -0.004    -0.028     0.000     0.000     0.000     0.000     0.167    -0.085    -1.482     0.223    -1.400 

ddG: Y14P    11.096     3.586     4.646    -1.459    -0.008     0.623    -0.396     2.339     0.000     0.069    -0.299     0.000     0.000     0.000     0.000     0.504     1.156     0.861    -0.035    -0.490 

ddG: Y14Q     0.433     3.424    -0.432     0.046    -0.020     0.012    -0.094     0.020     0.000    -0.005     0.002     0.000     0.000     0.000     0.000    -0.046    -0.049    -0.876    -0.067    -1.480 

ddG: Y14R     0.931     3.232    -0.402     0.501    -0.017    -0.015    -0.059    -0.099     0.000    -0.008     0.022     0.000     0.000     0.000     0.000     0.006    -0.087    -0.608    -0.045    -1.490 

ddG: Y14S     1.758     6.030    -0.533    -1.563    -0.025     0.002     0.027     0.062     0.000     0.016    -0.005     0.000     0.000     0.000     0.000     0.100    -0.062    -1.520     0.108    -0.880 

ddG: Y14T     1.607     5.796    -0.502    -1.384    -0.014     0.005     0.061    -0.040     0.000    -0.002     0.001     0.000     0.000     0.000     0.000     0.055    -0.084    -1.583     0.078    -0.780 

ddG: Y14V     0.879     4.824    -0.209    -1.933    -0.007    -0.002     0.038    -0.081     0.000    -0.002    -0.010     0.000     0.000     0.000     0.000     0.105    -0.049    -1.563    -0.011    -0.220 

ddG: Y14W     0.144    -0.835    -0.019     0.754    -0.007     0.000    -0.010     0.023     0.000     0.001     0.034     0.000     0.000     0.000     0.000    -0.041    -0.014    -0.134    -0.009     0.400 

ddG: Y14Y     0.000     0.000     0.000     0.000     0.000     0.000     0.000     0.000     0.000     0.000     0.000     0.000     0.000     0.000     0.000     0.000     0.000     0.000     0.000     0.000 

ddG: L17A     1.890     4.551     0.035    -2.484    -0.005    -0.028     0.108    -0.039     0.000     0.221     0.011     0.000     0.000     0.000     0.000    -0.041    -0.064    -0.464    -0.171     0.260 

ddG: L17C     3.981     3.416     0.065    -1.425    -0.004    -0.023     0.110     0.055     0.000     0.221     0.006     0.000     0.000     0.000     0.000     0.018    -0.115    -0.247     0.102     1.800 

ddG: L17D     2.834     2.112     0.003     1.588    -0.002    -0.028    -0.255     0.015     0.000     0.222    -0.044     0.000     0.000     0.000     0.000     0.007    -0.078    -0.103    -0.034    -0.570 

ddG: L17E     1.871     1.236    -0.180     1.341    -0.004    -0.002    -0.156     0.062     0.000     0.234     0.024     0.000     0.000     0.000     0.000    -0.133     0.047     0.203    -0.093    -0.710 

ddG: L17F    -1.843    -2.462    -0.070    -1.642     0.029     0.023     0.044    -0.070     0.000     0.178    -0.053     0.000     0.000     0.000     0.000     0.078     0.078     1.163     0.131     0.730 

ddG: L17G     3.417     6.256    -0.012    -3.010    -0.006    -0.032     0.120    -0.015     0.000     0.192    -0.022     0.000     0.000     0.000     0.000     0.173    -0.119    -0.284     0.246    -0.070 

ddG: L17H     1.099     0.516    -0.086    -0.737    -0.001    -0.024    -0.206    -0.108     0.000     0.182    -0.038     0.000     0.000     0.000     0.000     0.054    -0.069     0.900     0.055     0.660 

ddG: L17H     1.099     0.516    -0.086    -0.737    -0.001    -0.024    -0.206    -0.108     0.000     0.182    -0.038     0.000     0.000     0.000     0.000     0.054    -0.069     0.900     0.055     0.660 

ddG: L17I     1.058     0.204    -0.019     0.191     0.013    -0.015    -0.011    -0.347     0.000    -0.030     0.019     0.000     0.000     0.000     0.000     0.247     0.080     0.250     0.136     0.340 

ddG: L17K     1.259     0.362    -0.055     1.033    -0.005    -0.006    -0.048    -0.124     0.000    -0.033     0.036     0.000     0.000     0.000     0.000    -0.109    -0.044     0.794     0.006    -0.550 

ddG: L17L     0.000     0.000     0.000     0.000     0.000     0.000     0.000     0.000     0.000     0.000     0.000     0.000     0.000     0.000     0.000     0.000     0.000     0.000     0.000     0.000 

ddG: L17M     0.239    -0.991    -0.034     0.083    -0.003     0.010     0.008    -0.070     0.000    -0.001     0.000     0.000     0.000     0.000     0.000    -0.059     0.048     1.534    -0.047    -0.240 

ddG: L17N     1.723     0.649    -0.153     1.565    -0.003     0.002    -0.004    -0.006     0.000     0.003     0.031     0.000     0.000     0.000     0.000     0.033     0.012     0.266     0.118    -0.790 

ddG: L17P     7.439     3.017     4.238    -2.749    -0.002     0.187    -0.313     1.869     0.000     0.274    -0.394     0.000     0.000     0.000     0.000     0.295     1.622    -0.038    -0.686     0.120 

ddG: L17Q     1.031     0.364    -0.090     0.986    -0.004     0.005     0.032    -0.049     0.000     0.002     0.014     0.000     0.000     0.000     0.000    -0.101     0.019     0.768    -0.047    -0.870 

ddG: L17R     2.005     0.174    -0.209     2.013    -0.001     0.003    -0.034     0.073     0.000     0.012     0.018     0.000     0.000     0.000     0.000    -0.067     0.029     0.872     0.003    -0.880 

ddG: L17S     2.722     2.174    -0.042     0.250    -0.009    -0.022    -0.004    -0.108     0.000     0.020     0.013     0.000     0.000     0.000     0.000     0.082     0.057     0.409     0.171    -0.270 

ddG: L17T     2.565     1.732    -0.066     0.695     0.002    -0.014    -0.002    -0.190     0.000     0.017     0.017     0.000     0.000     0.000     0.000     0.247     0.075    -0.052     0.272    -0.170 

ddG: L17V     1.768     1.178     0.023    -0.014     0.009    -0.018    -0.019    -0.218     0.000     0.020     0.016     0.000     0.000     0.000     0.000     0.213     0.126    -0.071     0.132     0.390 

ddG: L17W    -2.007    -5.190     0.033     0.293     0.019     0.032     0.025    -0.047     0.000     0.181    -0.012     0.000     0.000     0.000     0.000     0.110     0.215     1.234     0.088     1.010 

ddG: L17Y    -1.574    -3.347    -0.097    -0.530     0.029     0.032     0.043    -0.055     0.000     0.176    -0.052     0.000     0.000     0.000     0.000     0.016     0.090     1.342     0.169     0.610 

ddG: H18A     0.182     7.395    -0.567    -3.475    -0.002     0.022     0.039    -0.144     0.000    -0.006    -0.031     0.000     0.000     0.000     0.000     0.039    -0.049    -2.542    -0.098    -0.400 

ddG: H18C     2.142     5.849    -0.170    -2.249    -0.002    -0.028     0.025    -0.278     0.000    -0.006     0.007     0.000     0.000     0.000     0.000     0.260    -0.186    -2.128    -0.091     1.140 

ddG: H18D     0.636     1.714    -0.203     0.889     0.000     0.002    -0.007     0.076     0.000     0.016    -0.007     0.000     0.000     0.000     0.000    -0.022     0.043    -0.546    -0.089    -1.230 

ddG: H18E    -0.075     4.463    -0.377    -1.080     0.003     0.004     0.034    -0.110     0.000    -0.004     0.011     0.000     0.000     0.000     0.000     0.061    -0.067    -1.519    -0.125    -1.370 

ddG: H18F    -1.089    -1.165     0.225    -0.588     0.030    -0.020    -0.008    -0.203     0.000     0.015     0.008     0.000     0.000     0.000     0.000     0.219     0.018     0.315    -0.005     0.070 

ddG: H18G     1.151     4.244    -0.081    -1.633    -0.004    -0.029    -0.010     0.057     0.000     0.001    -0.001     0.000     0.000     0.000     0.000     0.258     0.016    -1.059     0.124    -0.730 

ddG: H18H     0.000     0.000     0.000     0.000     0.000     0.000     0.000     0.000     0.000     0.000     0.000     0.000     0.000     0.000     0.000     0.000     0.000     0.000     0.000     0.000 

ddG: H18H     0.000     0.000     0.000     0.000     0.000     0.000     0.000     0.000     0.000     0.000     0.000     0.000     0.000     0.000     0.000     0.000     0.000     0.000     0.000     0.000 

ddG: H18I     0.207     1.740     0.145    -1.000     0.022    -0.022    -0.007    -0.350     0.000     0.002     0.011     0.000     0.000     0.000     0.000     0.300     0.134    -0.569     0.119    -0.320 

ddG: H18K    -0.222     1.648     0.044    -0.224    -0.002    -0.025    -0.116    -0.121     0.000     0.012    -0.009     0.000     0.000     0.000     0.000     0.117    -0.028    -0.264    -0.045    -1.210 

ddG: H18L    -0.845     1.755    -0.026    -0.913     0.004    -0.021    -0.014     0.038     0.000     0.014    -0.007     0.000     0.000     0.000     0.000     0.043     0.028    -0.941    -0.145    -0.660 

ddG: H18M    -0.701     4.876    -0.074    -2.494     0.002    -0.034     0.034    -0.281     0.000    -0.008     0.014     0.000     0.000     0.000     0.000     0.204    -0.131    -1.755    -0.152    -0.900 

ddG: H18N    -0.101     1.860    -0.126     0.134     0.001     0.000     0.003    -0.010     0.000     0.002     0.002     0.000     0.000     0.000     0.000    -0.064     0.063    -0.455    -0.060    -1.450 

ddG: H18P    13.605     6.920     5.481    -4.021     0.004     0.500    -0.010     1.129     0.000    -0.012     0.021     0.000     0.000     0.000     0.000     1.273     1.238     1.511     0.112    -0.540 

ddG: H18Q    -1.114     4.284    -0.430    -1.481     0.003    -0.014     0.035    -0.021     0.000    -0.001     0.003     0.000     0.000     0.000     0.000     0.019    -0.040    -1.747    -0.193    -1.530 

ddG: H18R     0.337     1.836     0.018     0.114     0.002    -0.021    -0.036    -0.137     0.000     0.020    -0.002     0.000     0.000     0.000     0.000     0.088     0.039     0.053    -0.097    -1.540 

ddG: H18S     0.979     3.024    -0.089    -0.666    -0.005    -0.021     0.004    -0.113     0.000     0.014    -0.003     0.000     0.000     0.000     0.000     0.104    -0.007    -0.275    -0.059    -0.930 

ddG: H18T     1.362     6.590    -0.418    -1.971     0.010    -0.015     0.016    -0.302     0.000     0.019     0.010     0.000     0.000     0.000     0.000     0.343     0.019    -2.134     0.026    -0.830 

ddG: H18V     0.073     5.784    -0.219    -3.040     0.018    -0.019     0.021    -0.318     0.000    -0.015     0.007     0.000     0.000     0.000     0.000     0.416    -0.004    -2.260    -0.029    -0.270 

ddG: H18W    -2.056    -3.225     0.364     0.281     0.022    -0.031    -0.003    -0.207     0.000    -0.004     0.016     0.000     0.000     0.000     0.000     0.098    -0.030     0.325    -0.012     0.350 

ddG: H18Y    -1.074    -1.538     0.245    -0.169     0.030    -0.022    -0.005    -0.179     0.000     0.015     0.002     0.000     0.000     0.000     0.000     0.224     0.012     0.316     0.044    -0.050 

ddG: E24A     0.007     0.816    -0.066    -1.117    -0.004     0.012     0.193     0.012     0.000     0.001     0.006     0.000     0.000     0.000     0.000    -0.024     0.043    -0.778    -0.057     0.970 

ddG: E24C     2.233     0.517    -0.030    -0.722    -0.003     0.001     0.182     0.060     0.000     0.020     0.001     0.000     0.000     0.000     0.000     0.159     0.047    -0.801     0.294     2.510 

ddG: E24D     0.175    -0.259    -0.099     0.819    -0.001     0.015    -0.185    -0.009     0.000     0.008     0.003     0.000     0.000     0.000     0.000     0.031     0.019    -0.433     0.127     0.140 

ddG: E24E     0.000     0.000     0.000     0.000     0.000     0.000     0.000     0.000     0.000     0.000     0.000     0.000     0.000     0.000     0.000     0.000     0.000     0.000     0.000     0.000 

ddG: E24F     0.232    -1.703    -0.116     0.372     0.018     0.011     0.184     0.218     0.000     0.164     0.001     0.000     0.000     0.000     0.000     0.131    -0.007    -0.678     0.197     1.440 

ddG: E24G     0.763     1.668    -0.062    -1.615    -0.005     0.009     0.190     0.019     0.000     0.005     0.004     0.000     0.000     0.000     0.000     0.275     0.050    -0.805     0.391     0.640 

ddG: E24H     0.431    -2.327     0.082     0.748     0.000    -0.005    -0.011     0.225     0.000    -0.021     0.023     0.000     0.000     0.000     0.000     0.178    -0.015     0.098     0.087     1.370 

ddG: E24H     0.431    -2.327     0.082     0.748     0.000    -0.005    -0.011     0.225     0.000    -0.021     0.023     0.000     0.000     0.000     0.000     0.178    -0.015     0.098     0.087     1.370 

ddG: E24I     1.449    -0.201     0.002    -0.274     0.013     0.013     0.190     0.535     0.000     0.010     0.004     0.000     0.000     0.000     0.000     0.242     0.045    -0.457     0.278     1.050 

ddG: E24K     0.003     0.195    -0.108    -0.394    -0.002     0.014     0.126     0.115     0.000     0.018     0.000     0.000     0.000     0.000     0.000    -0.008     0.046    -0.225     0.067     0.160 

ddG: E24L    -0.140    -0.501    -0.122    -0.010     0.003     0.012     0.191     0.050     0.000    -0.003     0.007     0.000     0.000     0.000     0.000     0.077     0.011    -0.549    -0.016     0.710 

ddG: E24M     0.502     0.005    -0.074    -0.356    -0.002     0.014     0.182     0.091     0.000     0.020    -0.001     0.000     0.000     0.000     0.000     0.090     0.074     0.012    -0.024     0.470 

ddG: E24N    -0.046    -0.220    -0.035     0.405    -0.001     0.000    -0.078     0.024     0.000    -0.011     0.007     0.000     0.000     0.000     0.000     0.225     0.011    -0.515     0.223    -0.080 

ddG: E24P     1.795    -0.798     1.403    -0.396     0.001     0.014     0.184     0.019     0.000    -0.478    -0.002     0.000     0.000     0.000     0.000     0.294    -0.011     0.827    -0.090     0.830 

ddG: E24Q    -0.373     0.092    -0.053    -0.352    -0.001    -0.001     0.062     0.078     0.000     0.018     0.009     0.000     0.000     0.000     0.000     0.086     0.025    -0.169    -0.009    -0.160 

ddG: E24R     0.096    -0.004    -0.042    -0.139     0.002     0.011     0.117     0.017     0.000     0.001    -0.002     0.000     0.000     0.000     0.000    -0.008     0.022     0.252     0.038    -0.170 

ddG: E24S     0.141     0.658    -0.117    -0.530    -0.004     0.012     0.053     0.210     0.000     0.013     0.005     0.000     0.000     0.000     0.000     0.009     0.022    -0.671     0.042     0.440 

ddG: E24T     0.708     0.424    -0.119    -0.164    -0.002     0.007     0.203     0.223     0.000     0.006     0.014     0.000     0.000     0.000     0.000     0.164     0.010    -0.761     0.164     0.540 

ddG: E24V     1.183    -0.079    -0.025    -0.414     0.006     0.013     0.188     0.395     0.000     0.013     0.001     0.000     0.000     0.000     0.000     0.194     0.029    -0.445     0.208     1.100 

ddG: E24W    -0.361    -4.399    -0.045     2.014     0.018    -0.001     0.189     0.153     0.000     0.035     0.005     0.000     0.000     0.000     0.000     0.084    -0.016    -0.251     0.133     1.720 

ddG: E24Y     0.274    -1.626    -0.128     0.459     0.018     0.010     0.184     0.207     0.000     0.167     0.000     0.000     0.000     0.000     0.000     0.117     0.000    -0.663     0.208     1.320 

ddG: E25A    -0.100     0.841    -0.086    -1.123    -0.004     0.014     0.128     0.008     0.000     0.000     0.004     0.000     0.000     0.000     0.000     0.020     0.005    -0.840    -0.037     0.970 

ddG: E25C     2.135     0.419     0.031    -0.696    -0.004     0.001     0.129    -0.027     0.000    -0.008     0.004     0.000     0.000     0.000     0.000     0.169     0.014    -0.686     0.280     2.510 

ddG: E25D     0.183     0.099    -0.081     0.316    -0.002     0.008    -0.006     0.010     0.000     0.000     0.005     0.000     0.000     0.000     0.000     0.060     0.019    -0.538     0.152     0.140 

ddG: E25E     0.000     0.000     0.000     0.000     0.000     0.000     0.000     0.000     0.000     0.000     0.000     0.000     0.000     0.000     0.000     0.000     0.000     0.000     0.000     0.000 

ddG: E25F    -0.391    -2.576     0.504     1.503     0.019     0.000    -0.091    -0.638     0.000    -0.043     0.015     0.000     0.000     0.000     0.000     0.371     0.047    -0.924    -0.019     1.440 

ddG: E25G     0.690     1.758    -0.020    -1.630    -0.005     0.011     0.127    -0.092     0.000    -0.003     0.002     0.000     0.000     0.000     0.000     0.318     0.005    -0.803     0.380     0.640 

ddG: E25H     0.433    -1.935     0.315     1.464    -0.002     0.010    -0.037    -0.466     0.000    -0.016    -0.033     0.000     0.000     0.000     0.000     0.221     0.066    -0.636     0.115     1.370 

ddG: E25H     0.433    -1.935     0.315     1.464    -0.002     0.010    -0.037    -0.466     0.000    -0.016    -0.033     0.000     0.000     0.000     0.000     0.221     0.066    -0.636     0.115     1.370 

ddG: E25I    -0.073    -0.331    -0.023    -0.276     0.015     0.014     0.128    -0.097     0.000    -0.012     0.004     0.000     0.000     0.000     0.000     0.109     0.006    -0.667     0.009     1.050 

ddG: E25K    -0.284    -0.118     0.023    -0.301     0.000     0.013    -0.043    -0.193     0.000    -0.012     0.002     0.000     0.000     0.000     0.000     0.043     0.015     0.048     0.078     0.160 

ddG: E25L    -0.168     0.015    -0.078    -0.521     0.003     0.012     0.127    -0.005     0.000    -0.002     0.003     0.000     0.000     0.000     0.000     0.063     0.008    -0.489    -0.012     0.710 

ddG: E25M     0.103     0.169    -0.105    -0.673     0.000     0.013     0.129     0.116     0.000     0.030     0.002     0.000     0.000     0.000     0.000     0.105     0.064    -0.181    -0.035     0.470 

ddG: E25N    -0.389     0.037    -0.097    -0.090    -0.001     0.010    -0.087     0.093     0.000     0.021     0.001     0.000     0.000     0.000     0.000     0.210     0.039    -0.642     0.198    -0.080 

ddG: E25P     2.431     1.040     1.870    -3.213    -0.012     0.062     0.221     0.118     0.000     0.643     0.003     0.000     0.000     0.000     0.000     0.282     0.389     0.062     0.138     0.830 

ddG: E25Q    -0.434    -0.040    -0.001    -0.227     0.000     0.004    -0.053    -0.027     0.000    -0.004     0.009     0.000     0.000     0.000     0.000     0.042     0.013     0.005     0.005    -0.160 

ddG: E25R     0.012     0.295    -0.041    -0.483     0.002     0.002     0.131     0.081     0.000     0.026     0.001     0.000     0.000     0.000     0.000     0.074     0.030     0.031     0.032    -0.170 

ddG: E25S     0.394     0.729    -0.053    -0.709    -0.004     0.019     0.014    -0.094     0.000    -0.009     0.004     0.000     0.000     0.000     0.000     0.126     0.002    -0.344     0.274     0.440 

ddG: E25T     0.103     0.330    -0.018    -0.341     0.005     0.013     0.087    -0.123     0.000    -0.010     0.004     0.000     0.000     0.000     0.000     0.149     0.006    -0.736     0.199     0.540 

ddG: E25V     0.082    -0.157     0.046    -0.385     0.010     0.000     0.124    -0.105     0.000    -0.010     0.002     0.000     0.000     0.000     0.000     0.176    -0.006    -0.807     0.093     1.100 

ddG: E25W    -0.558    -2.930     0.254     0.492     0.032     0.004     0.161    -0.408     0.000    -0.037     0.008     0.000     0.000     0.000     0.000     0.228     0.012    -0.153     0.059     1.720 

ddG: E25Y    -0.554    -2.336     0.350     1.351     0.019     0.012    -0.087    -0.503     0.000    -0.017    -0.029     0.000     0.000     0.000     0.000     0.275     0.086    -0.964    -0.033     1.320 

ddG: R27A    -0.179     6.030     0.012    -5.655    -0.006    -0.028     0.136    -0.097     0.000     0.186    -0.037     0.000     0.000     0.000     0.000     0.040    -0.093    -1.652    -0.155     1.140 

ddG: R27C     2.628     5.285     0.082    -4.892    -0.006    -0.026     0.135    -0.055     0.000     0.191    -0.036     0.000     0.000     0.000     0.000     0.156    -0.104    -0.913     0.132     2.680 

ddG: R27D     2.206     3.507     0.019    -1.192    -0.004    -0.027     0.001    -0.128     0.000     0.164     0.012     0.000     0.000     0.000     0.000     0.115    -0.138    -0.468     0.034     0.310 

ddG: R27E     0.042     2.127    -0.139    -1.278    -0.003     0.015     0.128     0.006     0.000     0.202     0.004     0.000     0.000     0.000     0.000    -0.094    -0.007    -1.023    -0.066     0.170 

ddG: R27F    -2.678     0.020     0.131    -5.402     0.028     0.031     0.140     0.096     0.000     0.223    -0.026     0.000     0.000     0.000     0.000     0.050     0.233     0.047     0.142     1.610 

ddG: R27G     1.638     7.658    -0.015    -5.820    -0.007    -0.028     0.132    -0.162     0.000     0.160     0.016     0.000     0.000     0.000     0.000     0.351    -0.133    -1.577     0.255     0.810 

ddG: R27H     0.462     1.056    -0.019    -3.364     0.005    -0.023     0.125     0.130     0.000     0.236    -0.033     0.000     0.000     0.000     0.000     0.203     0.122     0.423     0.063     1.540 

ddG: R27H     0.462     1.056    -0.019    -3.364     0.005    -0.023     0.125     0.130     0.000     0.236    -0.033     0.000     0.000     0.000     0.000     0.203     0.122     0.423     0.063     1.540 

ddG: R27I    -2.969     2.163     0.109    -4.914     0.016    -0.007     0.146    -0.035     0.000     0.195    -0.017     0.000     0.000     0.000     0.000     0.122    -0.007    -1.936    -0.025     1.220 

ddG: R27K     0.135     3.340     0.059    -3.612     0.002    -0.024    -0.162    -0.104     0.000     0.182    -0.036     0.000     0.000     0.000     0.000     0.011    -0.101     0.302    -0.052     0.330 

ddG: R27L    -3.173     2.174     0.056    -5.538     0.004    -0.016     0.118     0.016     0.000     0.199    -0.035     0.000     0.000     0.000     0.000     0.157     0.019    -1.071    -0.136     0.880 

ddG: R27M    -1.972     2.211     0.071    -4.906    -0.001    -0.019     0.135    -0.067     0.000     0.184    -0.032     0.000     0.000     0.000     0.000     0.097    -0.068    -0.118    -0.100     0.640 

ddG: R27N     0.417     2.700    -0.321    -1.147    -0.003     0.007    -0.036     0.034     0.000     0.238     0.006     0.000     0.000     0.000     0.000     0.175     0.031    -1.579     0.224     0.090 

ddG: R27P     8.244     3.021     4.986    -4.893    -0.011     0.632     0.197     0.543     0.000     0.145    -0.011     0.000     0.000     0.000     0.000     1.937     1.252    -0.613     0.058     1.000 

ddG: R27Q    -0.655     1.545    -0.074    -1.802    -0.005     0.010     0.086     0.124     0.000     0.227     0.006     0.000     0.000     0.000     0.000     0.009    -0.015    -0.720    -0.058     0.010 

ddG: R27R     0.000     0.000     0.000     0.000     0.000     0.000     0.000     0.000     0.000     0.000     0.000     0.000     0.000     0.000     0.000     0.000     0.000     0.000     0.000     0.000 

ddG: R27S     0.990     5.776     0.006    -4.635    -0.006    -0.029     0.084    -0.054     0.000     0.187    -0.038     0.000     0.000     0.000     0.000     0.137    -0.104    -1.085     0.142     0.610 

ddG: R27T    -0.452     4.429    -0.287    -3.999     0.005     0.020     0.119     0.145     0.000     0.208    -0.041     0.000     0.000     0.000     0.000     0.114    -0.045    -1.928     0.098     0.710 

ddG: R27V    -1.867     3.671     0.006    -5.300     0.011     0.012     0.134     0.134     0.000     0.222    -0.030     0.000     0.000     0.000     0.000     0.084     0.050    -2.072    -0.058     1.270 

ddG: R27W    -1.567    -2.215     0.337    -3.124     0.026     0.033     0.139     0.052     0.000     0.221    -0.022     0.000     0.000     0.000     0.000    -0.006     0.231     0.721     0.152     1.890 

ddG: R27Y    -2.348    -0.682     0.251    -4.168     0.027    -0.020     0.117     0.021     0.000     0.251    -0.016     0.000     0.000     0.000     0.000     0.199     0.231    -0.176     0.128     1.490 

ddG: N28A    -0.017     1.902    -0.021    -2.322    -0.003     0.014     0.083     0.020     0.000    -0.001    -0.002     0.000     0.000     0.000     0.000    -0.215     0.000    -0.264    -0.257     1.050 

ddG: N28C     2.841     3.873     0.431    -3.914     0.002    -0.026     0.044    -0.196     0.000     0.162     0.011     0.000     0.000     0.000     0.000     0.011    -0.081    -0.042    -0.023     2.590 

ddG: N28D     0.901     0.096    -0.026     0.703    -0.001     0.014     0.139     0.016     0.000     0.001     0.003     0.000     0.000     0.000     0.000    -0.196     0.006     0.035    -0.110     0.220 

ddG: N28E     0.415     2.375     0.119    -2.074     0.006    -0.032    -0.109    -0.124     0.000     0.184    -0.035     0.000     0.000     0.000     0.000    -0.166    -0.049     0.583    -0.344     0.080 

ddG: N28F    -1.057    -1.118     0.350    -2.560     0.036    -0.023     0.057    -0.216     0.000     0.179     0.008     0.000     0.000     0.000     0.000    -0.013    -0.080     0.889    -0.084     1.520 

ddG: N28G     1.160     3.183    -0.126    -2.685    -0.004     0.011     0.085     0.006     0.000    -0.002     0.004     0.000     0.000     0.000     0.000     0.077    -0.004    -0.270     0.164     0.720 

ddG: N28H    -0.130    -0.339     0.218    -1.933     0.005    -0.025    -0.067    -0.207     0.000     0.156     0.010     0.000     0.000     0.000     0.000     0.005    -0.093     0.838    -0.148     1.450 

ddG: N28H    -0.130    -0.339     0.218    -1.933     0.005    -0.025    -0.067    -0.207     0.000     0.156     0.010     0.000     0.000     0.000     0.000     0.005    -0.093     0.838    -0.148     1.450 

ddG: N28I    -0.851    -0.561     0.030    -1.154     0.017    -0.002     0.077     0.117     0.000     0.015    -0.003     0.000     0.000     0.000     0.000     0.007    -0.023    -0.307    -0.192     1.130 

ddG: N28K    -1.049    -0.511    -0.027    -0.317    -0.001     0.012    -0.554     0.111     0.000     0.018    -0.011     0.000     0.000     0.000     0.000    -0.255     0.047     0.398    -0.200     0.240 

ddG: N28L    -0.589     2.327     0.211    -3.600     0.008    -0.024     0.044    -0.199     0.000     0.152     0.016     0.000     0.000     0.000     0.000    -0.018    -0.062     0.068    -0.303     0.790 

ddG: N28M     0.010     2.610     0.169    -3.552     0.005    -0.028     0.026    -0.178     0.000     0.156     0.016     0.000     0.000     0.000     0.000    -0.032    -0.068     0.653    -0.318     0.550 

ddG: N28N     0.000     0.000     0.000     0.000     0.000     0.000     0.000     0.000     0.000     0.000     0.000     0.000     0.000     0.000     0.000     0.000     0.000     0.000     0.000     0.000 

ddG: N28P     3.291     2.169     2.297    -5.143     0.006     0.112    -0.087     0.664     0.000     0.336     0.008     0.000     0.000     0.000     0.000     1.195     1.183    -0.568     0.210     0.910 

ddG: N28Q    -0.222     2.195     0.219    -2.459     0.004    -0.023    -0.150    -0.227     0.000     0.152     0.020     0.000     0.000     0.000     0.000    -0.072    -0.119     0.616    -0.300    -0.080 

ddG: N28R    -0.751    -1.493    -0.005     0.788     0.002    -0.006    -0.388     0.047     0.000    -0.008     0.004     0.000     0.000     0.000     0.000    -0.209     0.019     0.799    -0.212    -0.090 

ddG: N28S     0.693     1.653    -0.033    -1.527    -0.003     0.014     0.018     0.021     0.000     0.002     0.005     0.000     0.000     0.000     0.000    -0.182     0.011     0.220    -0.027     0.520 

ddG: N28T     0.270     0.915    -0.084    -0.985     0.006     0.011     0.092     0.019     0.000    -0.002     0.003     0.000     0.000     0.000     0.000    -0.098     0.000    -0.179    -0.049     0.620 

ddG: N28V    -0.353     0.342     0.030    -1.530     0.012    -0.001     0.082     0.099     0.000     0.023     0.002     0.000     0.000     0.000     0.000    -0.020     0.019    -0.423    -0.167     1.180 

ddG: N28W    -1.168    -2.932     0.239    -0.942     0.028    -0.029     0.028    -0.157     0.000     0.178    -0.007     0.000     0.000     0.000     0.000    -0.070    -0.067     0.879    -0.114     1.800 

ddG: N28Y     1.004     0.541    -0.601    -2.784     0.039     0.045     0.007    -0.168     0.000     0.218     0.854     0.000     0.000     0.000     0.000    -0.109     0.173     1.374     0.014     1.400 

ddG: Q32A     0.216     1.795    -0.280    -1.536    -0.003     0.006     0.009     0.026     0.000     0.005    -0.008     0.000     0.000     0.000     0.000    -0.009     0.062    -0.894    -0.087     1.130 

ddG: Q32C     2.535     1.045    -0.078    -0.812    -0.003     0.013     0.021     0.017     0.000     0.000     0.001     0.000     0.000     0.000     0.000     0.065     0.014    -0.601     0.184     2.670 

ddG: Q32D     0.865     0.091    -0.247     1.213    -0.001     0.006    -0.142     0.026     0.000     0.002     0.002     0.000     0.000     0.000     0.000    -0.008     0.033    -0.497     0.087     0.300 

ddG: Q32E     0.495     0.094    -0.125     0.381     0.001     0.008     0.010     0.020     0.000    -0.002     0.009     0.000     0.000     0.000     0.000    -0.111     0.013     0.130    -0.093     0.160 

ddG: Q32F    -0.554    -2.740    -0.019    -0.142     0.030     0.014     0.014     0.018     0.000     0.000     0.000     0.000     0.000     0.000     0.000     0.052    -0.013     0.576     0.054     1.600 

ddG: Q32G     1.359     3.020    -0.129    -1.915    -0.004    -0.013     0.015    -0.173     0.000    -0.002     0.022     0.000     0.000     0.000     0.000     0.317    -0.011    -0.897     0.327     0.800 

ddG: Q32H     0.414    -1.782    -0.200     0.312     0.000     0.007    -0.020     0.034     0.000    -0.005    -0.003     0.000     0.000     0.000     0.000     0.071    -0.021     0.400     0.091     1.530 

ddG: Q32H     0.414    -1.782    -0.200     0.312     0.000     0.007    -0.020     0.034     0.000    -0.005    -0.003     0.000     0.000     0.000     0.000     0.071    -0.021     0.400     0.091     1.530 

ddG: Q32I    -0.285    -0.279    -0.095    -0.449     0.014     0.013     0.010     0.076     0.000     0.015     0.003     0.000     0.000     0.000     0.000     0.108    -0.006    -0.825    -0.081     1.210 

ddG: Q32K     0.088     0.244    -0.047    -0.341    -0.001     0.004    -0.073     0.001     0.000    -0.003     0.013     0.000     0.000     0.000     0.000    -0.065    -0.013     0.039     0.010     0.320 

ddG: Q32L    -0.339     0.137    -0.140    -0.750     0.003     0.010     0.017     0.023     0.000    -0.005     0.008     0.000     0.000     0.000     0.000    -0.007     0.011    -0.429    -0.086     0.870 

ddG: Q32M     0.095    -0.110    -0.015    -0.840    -0.002     0.014     0.024     0.011     0.000    -0.001     0.006     0.000     0.000     0.000     0.000    -0.015     0.014     0.398    -0.019     0.630 

ddG: Q32N     0.131     0.116    -0.282     0.442     0.000     0.012    -0.237    -0.046     0.000    -0.028     0.023     0.000     0.000     0.000     0.000     0.176    -0.014    -0.319     0.209     0.080 

ddG: Q32P     3.476    -7.968     3.718     0.615     0.000     0.495     0.008     1.496     0.000    -0.153    -0.020     0.000     0.000     0.000     0.000     0.689     3.643    -0.104     0.066     0.990 

ddG: Q32Q     0.000     0.000     0.000     0.000     0.000     0.000     0.000     0.000     0.000     0.000     0.000     0.000     0.000     0.000     0.000     0.000     0.000     0.000     0.000     0.000 

ddG: Q32R     0.430     0.183    -0.212     0.105     0.003     0.013     0.023     0.041     0.000     0.000     0.001     0.000     0.000     0.000     0.000    -0.071     0.019     0.343    -0.009    -0.010 

ddG: Q32S     0.609     1.471    -0.197    -0.792    -0.002     0.007    -0.342    -0.060     0.000    -0.002    -0.041     0.000     0.000     0.000     0.000     0.077     0.009    -0.342     0.225     0.600 

ddG: Q32T     0.646     0.908    -0.231    -0.171     0.004     0.014     0.047    -0.031     0.000     0.000     0.003     0.000     0.000     0.000     0.000     0.075     0.011    -0.802     0.119     0.700 

ddG: Q32V     0.415     0.453     0.109    -0.732     0.010    -0.001     0.019     0.012     0.000     0.002     0.011     0.000     0.000     0.000     0.000     0.082     0.005    -0.798    -0.016     1.260 

ddG: Q32W    -1.081    -4.427     0.035     0.713     0.021     0.010     0.013     0.000     0.000    -0.001     0.001     0.000     0.000     0.000     0.000     0.027    -0.001     0.600     0.048     1.880 

ddG: Q32Y    -0.511    -2.903    -0.125     0.299     0.030     0.011     0.011    -0.024     0.000    -0.012     0.008     0.000     0.000     0.000     0.000     0.057    -0.071     0.638     0.090     1.480 

ddG: K35A    -0.225     0.598    -0.084    -0.541    -0.005     0.003     0.079     0.014     0.000    -0.019    -0.036     0.000     0.000     0.000     0.000    -0.097    -0.077    -0.728    -0.141     0.810 

ddG: K35C     1.879    -0.227     0.044     0.157    -0.004     0.001     0.089     0.013     0.000    -0.006    -0.039     0.000     0.000     0.000     0.000     0.005    -0.072    -0.613     0.182     2.350 

ddG: K35D     0.348    -0.929    -0.153     1.988    -0.002     0.014     0.026     0.027     0.000    -0.007    -0.038     0.000     0.000     0.000     0.000    -0.098    -0.044    -0.425     0.011    -0.020 

ddG: K35E    -0.238    -1.015    -0.115     1.225     0.000     0.014     0.087     0.016     0.000    -0.010    -0.036     0.000     0.000     0.000     0.000    -0.192    -0.047     0.141    -0.146    -0.160 

ddG: K35F    -1.381    -3.166     0.013    -0.243     0.034     0.009     0.082     0.125     0.000     0.007    -0.040     0.000     0.000     0.000     0.000     0.034    -0.006     0.411     0.080     1.280 

ddG: K35G     0.900     1.695    -0.093    -0.866    -0.005     0.001     0.083     0.023     0.000    -0.005    -0.079     0.000     0.000     0.000     0.000     0.189    -0.055    -0.782     0.314     0.480 

ddG: K35H    -0.139    -2.401     0.126     0.737     0.000    -0.009     0.080    -0.081     0.000    -0.015    -0.039     0.000     0.000     0.000     0.000     0.021    -0.073     0.267     0.038     1.210 

ddG: K35H    -0.139    -2.401     0.126     0.737     0.000    -0.009     0.080    -0.081     0.000    -0.015    -0.039     0.000     0.000     0.000     0.000     0.021    -0.073     0.267     0.038     1.210 

ddG: K35I    -0.697    -0.942     0.023    -0.141     0.016     0.014     0.087     0.007     0.000     0.000     0.000     0.000     0.000     0.000     0.000     0.006    -0.003    -0.634    -0.022     0.890 

ddG: K35K     0.000     0.000     0.000     0.000     0.000     0.000     0.000     0.000     0.000     0.000     0.000     0.000     0.000     0.000     0.000     0.000     0.000     0.000     0.000     0.000 

ddG: K35L    -1.302    -0.906    -0.001    -0.272     0.003     0.003     0.085     0.018     0.000    -0.010    -0.030     0.000     0.000     0.000     0.000    -0.053    -0.051    -0.529    -0.110     0.550 

ddG: K35M    -0.499    -0.285    -0.177    -0.290    -0.001     0.011     0.085     0.040     0.000    -0.007    -0.029     0.000     0.000     0.000     0.000    -0.075    -0.061     0.113    -0.132     0.310 

ddG: K35N    -0.246    -0.960    -0.015     1.350    -0.001    -0.007     0.040    -0.055     0.000    -0.011    -0.030     0.000     0.000     0.000     0.000     0.106    -0.081    -0.440     0.097    -0.240 

ddG: K35P     5.226    -8.366     5.027     1.125     0.038     0.255     0.141     1.421     0.000    -1.568     0.032     0.000     0.000     0.000     0.000     0.669     1.884     3.449     0.447     0.670 

ddG: K35Q    -0.625    -0.899    -0.183     0.551     0.000     0.016     0.081     0.052     0.000    -0.010    -0.040     0.000     0.000     0.000     0.000    -0.172    -0.027     0.478    -0.154    -0.320 

ddG: K35R    -0.501    -1.240    -0.235     1.085     0.002     0.014     0.081     0.036     0.000    -0.010    -0.040     0.000     0.000     0.000     0.000    -0.122    -0.068     0.395    -0.069    -0.330 

ddG: K35S     0.505     0.320    -0.095     0.214    -0.005     0.002     0.081     0.010     0.000    -0.006    -0.039     0.000     0.000     0.000     0.000    -0.055    -0.056    -0.254     0.107     0.280 

ddG: K35T     0.427     0.183    -0.163     0.418     0.005     0.011     0.105     0.029     0.000     0.001     0.009     0.000     0.000     0.000     0.000     0.024    -0.010    -0.697     0.131     0.380 

ddG: K35V    -0.271    -0.248    -0.134    -0.243     0.010     0.019     0.074     0.130     0.000     0.020     0.000     0.000     0.000     0.000     0.000     0.037    -0.018    -0.885     0.025     0.940 

ddG: K35W    -1.197    -3.622     0.103     0.501     0.022     0.001     0.086     0.027     0.000    -0.019    -0.038     0.000     0.000     0.000     0.000    -0.134    -0.010     0.399    -0.072     1.560 

ddG: K35Y    -1.369    -3.215     0.034    -0.113     0.034     0.012     0.091     0.039     0.000    -0.007    -0.033     0.000     0.000     0.000     0.000    -0.049    -0.009     0.604     0.085     1.160 

